[0.018s] Invoking command in '/home/rizkymille/ros2-examples/build/example_programs': AMENT_PREFIX_PATH=/home/rizkymille/ros2-examples/install/example_infs:${AMENT_PREFIX_PATH} CMAKE_PREFIX_PATH=/home/rizkymille/ros2-examples/install/example_infs:/opt/ros/foxy LD_LIBRARY_PATH=/home/rizkymille/ros2-examples/install/example_infs/lib:${LD_LIBRARY_PATH} PYTHONPATH=/home/rizkymille/ros2-examples/install/example_infs/lib/python3.8/site-packages:${PYTHONPATH} /usr/bin/cmake /home/rizkymille/ros2-examples/example_programs -DCMAKE_INSTALL_PREFIX=/home/rizkymille/ros2-examples/install/example_programs
[0.099s] -- The C compiler identification is GNU 9.4.0
[0.177s] -- The CXX compiler identification is GNU 9.4.0
[0.185s] -- Check for working C compiler: /usr/bin/cc
[0.276s] -- Check for working C compiler: /usr/bin/cc -- works
[0.279s] -- Detecting C compiler ABI info
[0.386s] -- Detecting C compiler ABI info - done
[0.407s] -- Detecting C compile features
[0.407s] -- Detecting C compile features - done
[0.410s] -- Check for working CXX compiler: /usr/bin/c++
[0.524s] -- Check for working CXX compiler: /usr/bin/c++ -- works
[0.526s] -- Detecting CXX compiler ABI info
[0.633s] -- Detecting CXX compiler ABI info - done
[0.648s] -- Detecting CXX compile features
[0.649s] -- Detecting CXX compile features - done
[0.651s] -- Found ament_cmake: 0.9.11 (/opt/ros/foxy/share/ament_cmake/cmake)
[0.685s] -- Found PythonInterp: /usr/bin/python3 (found suitable version "3.8.10", minimum required is "3") 
[0.685s] -- Using PYTHON_EXECUTABLE: /usr/bin/python3
[0.979s] -- Found rclcpp: 2.4.2 (/opt/ros/foxy/share/rclcpp/cmake)
[1.038s] -- Using all available rosidl_typesupport_c: rosidl_typesupport_fastrtps_c;rosidl_typesupport_introspection_c
[1.046s] -- Found rosidl_adapter: 1.3.0 (/opt/ros/foxy/share/rosidl_adapter/cmake)
[1.153s] -- Found OpenSSL: /usr/lib/x86_64-linux-gnu/libcrypto.so (found version "1.1.1f")  
[1.197s] -- Found FastRTPS: /opt/ros/foxy/include  
[1.300s] -- Using all available rosidl_typesupport_cpp: rosidl_typesupport_fastrtps_cpp;rosidl_typesupport_introspection_cpp
[1.378s] -- Found rmw_implementation_cmake: 1.0.3 (/opt/ros/foxy/share/rmw_implementation_cmake/cmake)
[1.380s] -- Using RMW implementation 'rmw_fastrtps_cpp' as default
[1.382s] -- Looking for pthread.h
[1.483s] -- Looking for pthread.h - found
[1.483s] -- Performing Test CMAKE_HAVE_LIBC_PTHREAD
[1.598s] -- Performing Test CMAKE_HAVE_LIBC_PTHREAD - Failed
[1.598s] -- Looking for pthread_create in pthreads
[1.682s] -- Looking for pthread_create in pthreads - not found
[1.682s] -- Looking for pthread_create in pthread
[1.787s] -- Looking for pthread_create in pthread - found
[1.790s] -- Found Threads: TRUE  
[2.002s] -- Found rclcpp_action: 2.4.2 (/opt/ros/foxy/share/rclcpp_action/cmake)
[2.115s] -- Found rclpy: 1.0.11 (/opt/ros/foxy/share/rclpy/cmake)
[2.115s] -- Found example_infs: 1.0.0 (/home/rizkymille/ros2-examples/install/example_infs/share/example_infs/cmake)
[2.207s] -- Found ament_lint_auto: 0.9.7 (/opt/ros/foxy/share/ament_lint_auto/cmake)
[2.690s] -- Added test 'copyright' to check source files copyright and LICENSE
[2.692s] -- Added test 'cppcheck' to perform static code analysis on C / C++ code
[2.693s] -- Configured cppcheck include dirs: /home/rizkymille/ros2-examples/example_programs/include;$<BUILD_INTERFACE:/home/rizkymille/ros2-examples/example_programs/include>
[2.693s] -- Configured cppcheck exclude dirs and/or files: 
[2.695s] -- Added test 'cpplint' to check C / C++ code against the Google style
[2.695s] -- Configured cpplint exclude dirs and/or files: 
[2.695s] -- Added test 'flake8' to check Python code syntax and style conventions
[2.696s] -- Added test 'lint_cmake' to check CMake code style
[2.697s] -- Added test 'pep257' to check Python code against some of the style conventions in PEP 257
[2.699s] -- Added test 'uncrustify' to check C / C++ code style
[2.699s] -- Configured uncrustify additional arguments: 
[2.700s] -- Added test 'xmllint' to check XML markup files
[2.705s] -- Configuring done
[2.752s] -- Generating done
[2.754s] -- Build files have been written to: /home/rizkymille/ros2-examples/build/example_programs
[2.769s] Invoked command in '/home/rizkymille/ros2-examples/build/example_programs' returned '0': AMENT_PREFIX_PATH=/home/rizkymille/ros2-examples/install/example_infs:${AMENT_PREFIX_PATH} CMAKE_PREFIX_PATH=/home/rizkymille/ros2-examples/install/example_infs:/opt/ros/foxy LD_LIBRARY_PATH=/home/rizkymille/ros2-examples/install/example_infs/lib:${LD_LIBRARY_PATH} PYTHONPATH=/home/rizkymille/ros2-examples/install/example_infs/lib/python3.8/site-packages:${PYTHONPATH} /usr/bin/cmake /home/rizkymille/ros2-examples/example_programs -DCMAKE_INSTALL_PREFIX=/home/rizkymille/ros2-examples/install/example_programs
[2.773s] Invoking command in '/home/rizkymille/ros2-examples/build/example_programs': AMENT_PREFIX_PATH=/home/rizkymille/ros2-examples/install/example_infs:${AMENT_PREFIX_PATH} CMAKE_PREFIX_PATH=/home/rizkymille/ros2-examples/install/example_infs:/opt/ros/foxy LD_LIBRARY_PATH=/home/rizkymille/ros2-examples/install/example_infs/lib:${LD_LIBRARY_PATH} PYTHONPATH=/home/rizkymille/ros2-examples/install/example_infs/lib/python3.8/site-packages:${PYTHONPATH} /usr/bin/cmake --build /home/rizkymille/ros2-examples/build/example_programs -- -j8 -l8
[2.827s] [35m[1mScanning dependencies of target HeaderMultiexecutor[0m
[2.829s] [35m[1mScanning dependencies of target Header[0m
[2.830s] [35m[1mScanning dependencies of target listener_server_cpp[0m
[2.830s] [35m[1mScanning dependencies of target talker_client_cpp[0m
[2.909s] [  8%] [32mBuilding CXX object CMakeFiles/Header.dir/src/Header.cpp.o[0m
[2.910s] [ 16%] [32mBuilding CXX object CMakeFiles/talker_client_cpp.dir/src/talker_client.cpp.o[0m
[2.913s] [ 25%] [32mBuilding CXX object CMakeFiles/HeaderMultiexecutor.dir/src/HeaderMultiexecutor.cpp.o[0m
[2.914s] [ 33%] [32mBuilding CXX object CMakeFiles/listener_server_cpp.dir/src/listener_server.cpp.o[0m
[4.946s] [01m[K/home/rizkymille/ros2-examples/example_programs/src/talker_client.cpp:[m[K In constructor â€˜[01m[KTalkerClientCpp::TalkerClientCpp()[m[Kâ€™:
[4.946s] [01m[K/home/rizkymille/ros2-examples/example_programs/src/talker_client.cpp:46:65:[m[K [01;31m[Kerror: [m[Kno matching function for call to â€˜[01m[KTalkerClientCpp::declare_parameter<std::string>(const char [20])[m[Kâ€™
[4.946s]    46 |       this->declare_parameter<std::string>("example_param/input"[01;31m[K)[m[K;
[4.946s]       |                                                                 [01;31m[K^[m[K
[4.946s] In file included from [01m[K/opt/ros/foxy/include/rclcpp/node.hpp:1224[m[K,
[4.946s]                  from [01m[K/opt/ros/foxy/include/rclcpp/executors/single_threaded_executor.hpp:28[m[K,
[4.946s]                  from [01m[K/opt/ros/foxy/include/rclcpp/executors.hpp:22[m[K,
[4.946s]                  from [01m[K/opt/ros/foxy/include/rclcpp/rclcpp.hpp:146[m[K,
[4.946s]                  from [01m[K/home/rizkymille/ros2-examples/example_programs/src/talker_client.cpp:7[m[K:
[4.947s] [01m[K/opt/ros/foxy/include/rclcpp/node_impl.hpp:157:1:[m[K [01;36m[Knote: [m[Kcandidate: â€˜[01m[Kauto rclcpp::Node::declare_parameter(const string&, const ParameterT&, const ParameterDescriptor&, bool) [with ParameterT = std::__cxx11::basic_string<char>; std::string = std::__cxx11::basic_string<char>; rcl_interfaces::msg::ParameterDescriptor = rcl_interfaces::msg::ParameterDescriptor_<std::allocator<void> >][m[Kâ€™
[4.947s]   157 | [01;36m[KNode[m[K::declare_parameter(
[4.947s]       | [01;36m[K^~~~[m[K
[4.947s] [01m[K/opt/ros/foxy/include/rclcpp/node_impl.hpp:157:1:[m[K [01;36m[Knote: [m[K  candidate expects 4 arguments, 1 provided
[4.947s] [01m[K/home/rizkymille/ros2-examples/example_programs/src/talker_client.cpp:48:56:[m[K [01;31m[Kerror: [m[Kno matching function for call to â€˜[01m[KTalkerClientCpp::declare_parameter<int>(const char [19])[m[Kâ€™
[4.947s]    48 |       this->declare_parameter<int>("example_param/bruh"[01;31m[K)[m[K;
[4.947s]       |                                                        [01;31m[K^[m[K
[4.947s] In file included from [01m[K/opt/ros/foxy/include/rclcpp/node.hpp:1224[m[K,
[4.947s]                  from [01m[K/opt/ros/foxy/include/rclcpp/executors/single_threaded_executor.hpp:28[m[K,
[4.947s]                  from [01m[K/opt/ros/foxy/include/rclcpp/executors.hpp:22[m[K,
[4.947s]                  from [01m[K/opt/ros/foxy/include/rclcpp/rclcpp.hpp:146[m[K,
[4.948s]                  from [01m[K/home/rizkymille/ros2-examples/example_programs/src/talker_client.cpp:7[m[K:
[4.948s] [01m[K/opt/ros/foxy/include/rclcpp/node_impl.hpp:157:1:[m[K [01;36m[Knote: [m[Kcandidate: â€˜[01m[Kauto rclcpp::Node::declare_parameter(const string&, const ParameterT&, const ParameterDescriptor&, bool) [with ParameterT = int; std::string = std::__cxx11::basic_string<char>; rcl_interfaces::msg::ParameterDescriptor = rcl_interfaces::msg::ParameterDescriptor_<std::allocator<void> >][m[Kâ€™
[4.948s]   157 | [01;36m[KNode[m[K::declare_parameter(
[4.948s]       | [01;36m[K^~~~[m[K
[4.948s] [01m[K/opt/ros/foxy/include/rclcpp/node_impl.hpp:157:1:[m[K [01;36m[Knote: [m[K  candidate expects 4 arguments, 1 provided
[6.616s] make[2]: *** [CMakeFiles/talker_client_cpp.dir/build.make:63: CMakeFiles/talker_client_cpp.dir/src/talker_client.cpp.o] Error 1
[6.616s] make[1]: *** [CMakeFiles/Makefile2:223: CMakeFiles/talker_client_cpp.dir/all] Error 2
[6.616s] make[1]: *** Waiting for unfinished jobs....
[11.052s] [ 41%] [32m[1mLinking CXX shared library libHeader.so[0m
[11.058s] [ 50%] [32m[1mLinking CXX executable listener_server_cpp[0m
[11.467s] [ 58%] [32m[1mLinking CXX shared library libHeaderMultiexecutor.so[0m
[11.625s] [ 58%] Built target Header
[11.653s] [ 58%] Built target listener_server_cpp
[11.921s] [ 58%] Built target HeaderMultiexecutor
[11.923s] make: *** [Makefile:141: all] Error 2
[11.927s] Invoked command in '/home/rizkymille/ros2-examples/build/example_programs' returned '2': AMENT_PREFIX_PATH=/home/rizkymille/ros2-examples/install/example_infs:${AMENT_PREFIX_PATH} CMAKE_PREFIX_PATH=/home/rizkymille/ros2-examples/install/example_infs:/opt/ros/foxy LD_LIBRARY_PATH=/home/rizkymille/ros2-examples/install/example_infs/lib:${LD_LIBRARY_PATH} PYTHONPATH=/home/rizkymille/ros2-examples/install/example_infs/lib/python3.8/site-packages:${PYTHONPATH} /usr/bin/cmake --build /home/rizkymille/ros2-examples/build/example_programs -- -j8 -l8
